-------------------------------------------------------------------------------
Test set: ru.StreamApi.AnArmyForTheKingTest.RecruitmentTheKingsArmyTest
-------------------------------------------------------------------------------
Tests run: 1, Failures: 0, Errors: 1, Skipped: 0, Time elapsed: 0.023 s <<< FAILURE! - in ru.StreamApi.AnArmyForTheKingTest.RecruitmentTheKingsArmyTest
ru.StreamApi.AnArmyForTheKingTest.RecruitmentTheKingsArmyTest.test  Time elapsed: 0.02 s  <<< ERROR!
java.lang.NullPointerException: Cannot invoke "ru.ArmyForKing.Horses.Horse.getName()" because the return value of "ru.ArmyForKing.Units.Cavalry.getWarHorse()" is null
	at ru.ArmyForKing.Mappers.toCavalryMapper.setDescription(toCavalryMapper.java:36)
	at ru.ArmyForKing.Mappers.toCavalryMapperImpl.toCavalry(toCavalryMapperImpl.java:38)
	at ru.ArmyForKing.RecruitmentTheKingsArmy.lambda$recruitsCavalryIntoArmy$7(RecruitmentTheKingsArmy.java:74)
	at java.base/java.util.stream.ReferencePipeline$3$1.accept(ReferencePipeline.java:197)
	at java.base/java.util.stream.ReferencePipeline$2$1.accept(ReferencePipeline.java:179)
	at java.base/java.util.AbstractList$RandomAccessSpliterator.forEachRemaining(AbstractList.java:722)
	at java.base/java.util.stream.AbstractPipeline.copyInto(AbstractPipeline.java:509)
	at java.base/java.util.stream.AbstractPipeline.wrapAndCopyInto(AbstractPipeline.java:499)
	at java.base/java.util.stream.ReduceOps$ReduceOp.evaluateSequential(ReduceOps.java:921)
	at java.base/java.util.stream.AbstractPipeline.evaluate(AbstractPipeline.java:234)
	at java.base/java.util.stream.ReferencePipeline.collect(ReferencePipeline.java:682)
	at ru.ArmyForKing.RecruitmentTheKingsArmy.recruitsCavalryIntoArmy(RecruitmentTheKingsArmy.java:77)
	at ru.StreamApi.AnArmyForTheKingTest.RecruitmentTheKingsArmyTest.test(RecruitmentTheKingsArmyTest.java:29)
	at java.base/java.lang.reflect.Method.invoke(Method.java:580)
	at java.base/java.util.ArrayList.forEach(ArrayList.java:1596)
	at java.base/java.util.ArrayList.forEach(ArrayList.java:1596)

