<?xml version="1.0" encoding="UTF-8"?>
<testsuite xmlns:xsi="http://www.w3.org/2001/XMLSchema-instance" xsi:noNamespaceSchemaLocation="https://maven.apache.org/surefire/maven-surefire-plugin/xsd/surefire-test-report-3.0.xsd" version="3.0" name="ru.Oop.GameByEfcko.TestGame" time="0.007" tests="1" errors="0" skipped="0" failures="0">
  <properties>
[...]
</properties>
  <testcase name="testBattle" classname="ru.Oop.GameByEfcko.TestGame" time="0.005">
    <system-out><![CDATA[Gnorg: наносит урон 12 ед. Троль: 200/188 HP
Троль: регенирует +4 HP. Троль: 200/192 HP
Троль: наносит урон 29 ед. Gnorg: 150/136 HP


Gnorg: наносит урон 18 ед. Троль: 200/174 HP
Троль: регенирует +5 HP. Троль: 200/179 HP
Троль: наносит урон 29 ед. Gnorg: 150/122 HP


Gnorg: наносит урон 24 ед. Троль: 200/155 HP
Троль: регенирует +5 HP. Троль: 200/160 HP
Троль: наносит урон 28 ед. Gnorg: 150/109 HP


Gnorg: наносит урон 15 ед. Троль: 200/145 HP
Троль: регенирует +3 HP. Троль: 200/148 HP
Троль: наносит урон 27 ед. Gnorg: 150/97 HP


Gnorg: наносит урон 17 ед. Троль: 200/131 HP
Троль: регенирует +4 HP. Троль: 200/135 HP
Троль: наносит урон 20 ед. Gnorg: 150/92 HP


Gnorg: наносит урон 11 ед. Троль: 200/124 HP
Троль: регенирует +4 HP. Троль: 200/128 HP
Троль: наносит урон 20 ед. Gnorg: 150/87 HP


Gnorg: наносит урон 20 ед. Троль: 200/108 HP
Троль: регенирует +5 HP. Троль: 200/113 HP
Троль: наносит урон 32 ед. Gnorg: 150/70 HP
Gnorg: использует Маленькое зелье здоровья +16 HP Gnorg: 150/86 HP


Gnorg: наносит урон 10 ед. Троль: 200/103 HP
Троль: регенирует +3 HP. Троль: 200/106 HP
Троль: наносит урон 34 ед. Gnorg: 150/67 HP
Gnorg: использует Маленькое зелье здоровья +19 HP Gnorg: 150/86 HP


Gnorg: наносит урон 19 ед. Троль: 200/87 HP
Троль: регенирует +3 HP. Троль: 200/90 HP
Троль: наносит урон 34 ед. Gnorg: 150/67 HP
Gnorg: использует Маленькое зелье здоровья +19 HP Gnorg: 150/86 HP


Gnorg: наносит урон 10 ед. Троль: 200/80 HP
Троль: регенирует +5 HP. Троль: 200/85 HP
Троль: наносит урон 20 ед. Gnorg: 150/81 HP


Gnorg: наносит урон 23 ед. Троль: 200/62 HP
Троль: регенирует +3 HP. Троль: 200/65 HP
Троль: наносит урон 34 ед. Gnorg: 150/62 HP
Gnorg: использует Маленькое зелье здоровья +18 HP Gnorg: 150/80 HP


Gnorg: наносит урон 14 ед. Троль: 200/51 HP
Троль: регенирует +4 HP. Троль: 200/55 HP
Троль: наносит урон 26 ед. Gnorg: 150/69 HP
Gnorg: использует Маленькое зелье здоровья +19 HP Gnorg: 150/88 HP


Gnorg: наносит урон 23 ед. Троль: 200/32 HP
Троль: регенирует +3 HP. Троль: 200/35 HP
Троль: наносит урон 24 ед. Gnorg: 150/79 HP


Gnorg: наносит урон 19 ед. Троль: 200/16 HP
Троль: регенирует +4 HP. Троль: 200/20 HP
Троль: наносит урон 22 ед. Gnorg: 150/72 HP
Gnorg: использует Маленькое зелье здоровья +12 HP Gnorg: 150/84 HP


Gnorg: наносит урон 24 ед. Троль: 200/-4 HP
Троль: регенирует +5 HP. Троль: 200/1 HP
Троль: наносит урон 30 ед. Gnorg: 150/69 HP
Gnorg: использует Маленькое зелье здоровья +10 HP Gnorg: 150/79 HP


Gnorg: наносит урон 15 ед. Троль: 200/-14 HP
Троль: регенирует +3 HP. Троль: 200/-11 HP
Троль: наносит урон 27 ед. Gnorg: 150/67 HP
Gnorg: использует Маленькое зелье здоровья +14 HP Gnorg: 150/81 HP


Троль мертв
Бой окончен за 16 раундов]]></system-out>
  </testcase>
</testsuite>