<?xml version="1.0" encoding="UTF-8"?>
<testsuite xmlns:xsi="http://www.w3.org/2001/XMLSchema-instance" xsi:noNamespaceSchemaLocation="https://maven.apache.org/surefire/maven-surefire-plugin/xsd/surefire-test-report-3.0.xsd" version="3.0" name="ru.LinkedListByEfckoAllType.Integer.LinkedListByEfckoTypeIntegerTest" time="0.007" tests="5" errors="0" skipped="0" failures="0">
  <properties>
[...]
</properties>
  <testcase name="checkingReplacementAnItemInLinkedList" classname="ru.LinkedListByEfckoAllType.Integer.LinkedListByEfckoTypeIntegerTest" time="0.002"/>
  <testcase name="checkingGetIndexAnElement" classname="ru.LinkedListByEfckoAllType.Integer.LinkedListByEfckoTypeIntegerTest" time="0"/>
  <testcase name="checkReceiptAnItemFromLinkedList" classname="ru.LinkedListByEfckoAllType.Integer.LinkedListByEfckoTypeIntegerTest" time="0.001"/>
  <testcase name="checkingDeletionAnItemFromLinkedList" classname="ru.LinkedListByEfckoAllType.Integer.LinkedListByEfckoTypeIntegerTest" time="0"/>
  <testcase name="checkAddAnElementToLinkedListByEfcko" classname="ru.LinkedListByEfckoAllType.Integer.LinkedListByEfckoTypeIntegerTest" time="0"/>
</testsuite>