<?xml version="1.0" encoding="UTF-8"?>
<testsuite xmlns:xsi="http://www.w3.org/2001/XMLSchema-instance" xsi:noNamespaceSchemaLocation="https://maven.apache.org/surefire/maven-surefire-plugin/xsd/surefire-test-report-3.0.xsd" version="3.0" name="ru.StreamApi.AnArmyForTheKingTest.RecruitmentTheKingsArmyTest" time="0.023" tests="1" errors="1" skipped="0" failures="0">
  <properties>
[...]
</properties>
  <testcase name="test" classname="ru.StreamApi.AnArmyForTheKingTest.RecruitmentTheKingsArmyTest" time="0.02">
    <error message="Cannot invoke &quot;ru.ArmyForKing.Horses.Horse.getName()&quot; because the return value of &quot;ru.ArmyForKing.Units.Cavalry.getWarHorse()&quot; is null" type="java.lang.NullPointerException"><![CDATA[java.lang.NullPointerException: Cannot invoke "ru.ArmyForKing.Horses.Horse.getName()" because the return value of "ru.ArmyForKing.Units.Cavalry.getWarHorse()" is null
	at ru.ArmyForKing.Mappers.toCavalryMapper.setDescription(toCavalryMapper.java:36)
	at ru.ArmyForKing.Mappers.toCavalryMapperImpl.toCavalry(toCavalryMapperImpl.java:38)
	at ru.ArmyForKing.RecruitmentTheKingsArmy.lambda$recruitsCavalryIntoArmy$7(RecruitmentTheKingsArmy.java:74)
	at java.base/java.util.stream.ReferencePipeline$3$1.accept(ReferencePipeline.java:197)
	at java.base/java.util.stream.ReferencePipeline$2$1.accept(ReferencePipeline.java:179)
	at java.base/java.util.AbstractList$RandomAccessSpliterator.forEachRemaining(AbstractList.java:722)
	at java.base/java.util.stream.AbstractPipeline.copyInto(AbstractPipeline.java:509)
	at java.base/java.util.stream.AbstractPipeline.wrapAndCopyInto(AbstractPipeline.java:499)
	at java.base/java.util.stream.ReduceOps$ReduceOp.evaluateSequential(ReduceOps.java:921)
	at java.base/java.util.stream.AbstractPipeline.evaluate(AbstractPipeline.java:234)
	at java.base/java.util.stream.ReferencePipeline.collect(ReferencePipeline.java:682)
	at ru.ArmyForKing.RecruitmentTheKingsArmy.recruitsCavalryIntoArmy(RecruitmentTheKingsArmy.java:77)
	at ru.StreamApi.AnArmyForTheKingTest.RecruitmentTheKingsArmyTest.test(RecruitmentTheKingsArmyTest.java:29)
	at java.base/java.lang.reflect.Method.invoke(Method.java:580)
	at java.base/java.util.ArrayList.forEach(ArrayList.java:1596)
	at java.base/java.util.ArrayList.forEach(ArrayList.java:1596)
]]></error>
    <system-out><![CDATA[Не может быть, что-бы совсем никого не было! Отправить отряд для проверки в деревни!
Не может быть, что-бы совсем никого не было! Отправить отряд для проверки в деревни!
Не может быть, что-бы совсем никого не было! Отправить отряд для проверки в деревни!
Призваны в пехоту: Антон Иванов; Иван Сидоров; Михаил Задорнов; Николай Вавилов; 
Призваны в пехоту: Антон Иванов; Иван Сидоров; Михаил Задорнов; Николай Вавилов; 
Призваны в отряды лучников: Олег Гагус; Дмитрий Вагин; Максим Стрельчонок; 
Призваны в отряды лучников: Олег Гагус; Дмитрий Вагин; Максим Стрельчонок; 
]]></system-out>
  </testcase>
</testsuite>