<?xml version="1.0" encoding="UTF-8"?>
<testsuite xmlns:xsi="http://www.w3.org/2001/XMLSchema-instance" xsi:noNamespaceSchemaLocation="https://maven.apache.org/surefire/maven-surefire-plugin/xsd/surefire-test-report-3.0.xsd" version="3.0" name="ru.Oop.MatrixOop.MatrixOopTest" time="0.005" tests="1" errors="0" skipped="0" failures="0">
  <properties>
[...]
</properties>
  <testcase name="testMatrix" classname="ru.Oop.MatrixOop.MatrixOopTest" time="0.005">
    <system-out><![CDATA[Матрица №1: 
1,00 2,00 
3,00 4,00 

Матрица №2: 
6,00 7,00 
8,00 9,00 

Матрица №3: 
10,00 11,00 12,00 
13,00 14,00 15,00 
16,00 17,00 18,00 

Матрица №4: 
10,00 9,00 8,00 
7,00 6,00 5,00 
4,00 3,00 2,00 

Матрица №5: 
10,00 9,00 
7,00 6,00 
4,00 3,00 

Матрица №6: 
8,00 3,00 2,00 
4,00 7,00 1,00 

Сложение матриц: 
7,00 9,00 
11,00 13,00 

20,00 20,00 20,00 
20,00 20,00 20,00 
20,00 20,00 20,00 

Эти матрицы нельзя сложить!
Ошибка! Переделывай!

Умножение матрицы на число: 
5,00 10,00 
15,00 20,00 

100,00 110,00 120,00 
130,00 140,00 150,00 
160,00 170,00 180,00 

Умножение матрицы на матрицу: 
6,00 16,00 
21,00 36,00 

100,00 77,00 48,00 
117,00 84,00 45,00 
128,00 85,00 36,00 

80,00 36,00 0,00 
21,00 42,00 0,00 
8,00 3,00 0,00 

]]></system-out>
  </testcase>
</testsuite>